<component name="ProjectRunConfigurationManager">
  <configuration default="false" name="junitconfig" type="JUnit" factoryName="JUnit">
    <module name="ChubatovaGradleTests.test" />
    <option name="ALTERNATIVE_JRE_PATH_ENABLED" value="true" />
    <option name="ALTERNATIVE_JRE_PATH" value="11" />
    <option name="PACKAGE_NAME" value="my" />
    <option name="MAIN_CLASS_NAME" value="" />
    <option name="METHOD_NAME" value="" />
    <option name="TEST_OBJECT" value="package" />
    <method v="2">
      <option name="Make" enabled="true" />
    </method>
  </configuration>
</component>